<?xml version="1.0" encoding="UTF-8"?>
<testng-results ignored="0" total="1" passed="1" failed="0" skipped="0">
  <reporter-output>
  </reporter-output>
  <suite started-at="2024-01-02T01:25:21 IST" name="Default suite" finished-at="2024-01-02T01:25:34 IST" duration-ms="12642">
    <groups>
    </groups>
    <test started-at="2024-01-02T01:25:21 IST" name="Default test" finished-at="2024-01-02T01:25:34 IST" duration-ms="12642">
      <class name="testCases.LoginUsingPageFactoryWithoutAnnotations">
        <test-method signature="loginTestCase()[pri:0, instance:testCases.LoginUsingPageFactoryWithoutAnnotations@4d5d943d]" started-at="2024-01-02T01:25:21 IST" name="loginTestCase" finished-at="2024-01-02T01:25:34 IST" duration-ms="12614" status="PASS">
          <reporter-output>
          </reporter-output>
        </test-method> <!-- loginTestCase -->
      </class> <!-- testCases.LoginUsingPageFactoryWithoutAnnotations -->
    </test> <!-- Default test -->
  </suite> <!-- Default suite -->
</testng-results>
